<?xml version="1.0" encoding="UTF-8"?>
<!-- Generated by org.testng.reporters.JUnitReportReporter -->
<testsuite hostname="Saurabhchoudhari" failures="0" tests="1" name="DataDriven.ExcelDataProvider.Excel" time="1.301" errors="0" timestamp="2024-01-19T15:39:57 IST" skipped="0">
  <testcase classname="DataDriven.ExcelDataProvider.Excel" name="getExcel" time="1.301"/>
  <system-out/>
</testsuite> <!-- DataDriven.ExcelDataProvider.Excel -->
