<?xml version="1.0" encoding="UTF-8"?>
<!-- Generated by org.testng.reporters.JUnitReportReporter -->
<testsuite hostname="Saurabhchoudhari" failures="0" tests="3" name="DataDriven.ExcelDataProvider.DataProvide" time="0.012" errors="0" timestamp="2024-01-19T17:00:36 IST" skipped="0">
  <testcase classname="DataDriven.ExcelDataProvider.DataProvide" name="testCaseData" time="0.010"/>
  <system-out/>
  <testcase classname="DataDriven.ExcelDataProvider.DataProvide" name="testCaseData" time="0.001"/>
  <system-out/>
  <testcase classname="DataDriven.ExcelDataProvider.DataProvide" name="testCaseData" time="0.001"/>
  <system-out/>
</testsuite> <!-- DataDriven.ExcelDataProvider.DataProvide -->
